2019-02-28 10:18:13,014 INFO: Microblog startup [in /home/eugene/work/flask/microblog/app/__init__.py:54]
2019-02-28 10:20:59,290 INFO: Microblog startup [in /home/eugene/work/flask/microblog/app/__init__.py:54]
2019-02-28 10:25:04,371 INFO: Microblog startup [in /home/eugene/work/flask/microblog/app/__init__.py:54]
2019-02-28 10:27:58,272 INFO: Microblog startup [in /home/eugene/work/flask/microblog/app/__init__.py:54]
2019-02-28 10:31:54,353 INFO: Microblog startup [in /home/eugene/work/flask/microblog/app/__init__.py:54]
2019-02-28 10:33:43,750 INFO: Microblog startup [in /home/eugene/work/flask/microblog/app/__init__.py:54]
2019-02-28 10:42:38,498 INFO: Microblog startup [in /home/eugene/work/flask/microblog/app/__init__.py:54]
2019-02-28 10:43:39,860 INFO: Microblog startup [in /home/eugene/work/flask/microblog/app/__init__.py:54]
2019-02-28 10:43:45,586 INFO: Microblog startup [in /home/eugene/work/flask/microblog/app/__init__.py:54]
2019-02-28 10:46:36,453 INFO: Microblog startup [in /home/eugene/work/flask/microblog/app/__init__.py:54]
2019-02-28 10:46:44,081 INFO: Microblog startup [in /home/eugene/work/flask/microblog/app/__init__.py:54]
2019-02-28 10:58:27,511 INFO: Microblog startup [in /home/eugene/work/flask/microblog/app/__init__.py:54]
2019-02-28 10:59:08,837 INFO: Microblog startup [in /home/eugene/work/flask/microblog/app/__init__.py:54]
2019-02-28 11:06:23,989 INFO: Microblog startup [in /home/eugene/work/flask/microblog/app/__init__.py:54]
2019-02-28 11:06:33,903 INFO: Microblog startup [in /home/eugene/work/flask/microblog/app/__init__.py:54]
2019-02-28 11:37:22,166 INFO: Microblog startup [in /home/eugene/work/flask/microblog/app/__init__.py:54]
2019-02-28 11:44:19,488 INFO: Microblog startup [in /home/eugene/work/flask/microblog/app/__init__.py:54]
2019-02-28 11:46:15,540 INFO: Microblog startup [in /home/eugene/work/flask/microblog/app/__init__.py:54]
2019-02-28 11:47:48,304 INFO: Microblog startup [in /home/eugene/work/flask/microblog/app/__init__.py:54]
2019-02-28 12:10:36,678 INFO: Microblog startup [in /home/eugene/work/flask/microblog/app/__init__.py:54]
2019-02-28 12:10:42,141 INFO: Microblog startup [in /home/eugene/work/flask/microblog/app/__init__.py:54]
2019-02-28 12:16:17,734 INFO: Microblog startup [in /home/eugene/work/flask/microblog/app/__init__.py:54]
2019-02-28 12:18:14,588 INFO: Microblog startup [in /home/eugene/work/flask/microblog/app/__init__.py:54]
2019-02-28 12:18:19,207 INFO: Microblog startup [in /home/eugene/work/flask/microblog/app/__init__.py:54]
2019-02-28 12:19:48,012 INFO: Microblog startup [in /home/eugene/work/flask/microblog/app/__init__.py:54]
2019-02-28 12:22:48,656 INFO: Microblog startup [in /home/eugene/work/flask/microblog/app/__init__.py:54]
2019-02-28 12:23:02,663 INFO: Microblog startup [in /home/eugene/work/flask/microblog/app/__init__.py:54]
2019-02-28 12:27:22,206 ERROR: Exception on /reset_password_request [POST] [in /home/eugene/work/flask/microblog/venv/lib/python3.7/site-packages/flask/app.py:1761]
Traceback (most recent call last):
  File "/home/eugene/work/flask/microblog/venv/lib/python3.7/site-packages/flask/app.py", line 2292, in wsgi_app
    response = self.full_dispatch_request()
  File "/home/eugene/work/flask/microblog/venv/lib/python3.7/site-packages/flask/app.py", line 1815, in full_dispatch_request
    rv = self.handle_user_exception(e)
  File "/home/eugene/work/flask/microblog/venv/lib/python3.7/site-packages/flask/app.py", line 1718, in handle_user_exception
    reraise(exc_type, exc_value, tb)
  File "/home/eugene/work/flask/microblog/venv/lib/python3.7/site-packages/flask/_compat.py", line 35, in reraise
    raise value
  File "/home/eugene/work/flask/microblog/venv/lib/python3.7/site-packages/flask/app.py", line 1813, in full_dispatch_request
    rv = self.dispatch_request()
  File "/home/eugene/work/flask/microblog/venv/lib/python3.7/site-packages/flask/app.py", line 1799, in dispatch_request
    return self.view_functions[rule.endpoint](**req.view_args)
  File "/home/eugene/work/flask/microblog/app/routes.py", line 115, in reset_password_request
    send_password_reset_email(user)
  File "/home/eugene/work/flask/microblog/app/email.py", line 28, in send_password_reset_email
    user=user, token=token),
  File "/home/eugene/work/flask/microblog/venv/lib/python3.7/site-packages/flask/templating.py", line 134, in render_template
    return _render(ctx.app.jinja_env.get_or_select_template(template_name_or_list),
  File "/home/eugene/work/flask/microblog/venv/lib/python3.7/site-packages/jinja2/environment.py", line 869, in get_or_select_template
    return self.get_template(template_name_or_list, parent, globals)
  File "/home/eugene/work/flask/microblog/venv/lib/python3.7/site-packages/jinja2/environment.py", line 830, in get_template
    return self._load_template(name, self.make_globals(globals))
  File "/home/eugene/work/flask/microblog/venv/lib/python3.7/site-packages/jinja2/environment.py", line 804, in _load_template
    template = self.loader.load(self, name, globals)
  File "/home/eugene/work/flask/microblog/venv/lib/python3.7/site-packages/jinja2/loaders.py", line 113, in load
    source, filename, uptodate = self.get_source(environment, name)
  File "/home/eugene/work/flask/microblog/venv/lib/python3.7/site-packages/flask/templating.py", line 58, in get_source
    return self._get_source_fast(environment, template)
  File "/home/eugene/work/flask/microblog/venv/lib/python3.7/site-packages/flask/templating.py", line 86, in _get_source_fast
    raise TemplateNotFound(template)
jinja2.exceptions.TemplateNotFound: email/reset_password.txt
2019-02-28 12:36:24,967 INFO: Microblog startup [in /home/eugene/work/flask/microblog/app/__init__.py:54]
2019-02-28 12:37:27,950 INFO: Microblog startup [in /home/eugene/work/flask/microblog/app/__init__.py:54]
2019-02-28 12:42:04,082 INFO: Microblog startup [in /home/eugene/work/flask/microblog/app/__init__.py:54]
2019-02-28 12:43:11,985 INFO: Microblog startup [in /home/eugene/work/flask/microblog/app/__init__.py:54]
2019-02-28 12:49:51,007 INFO: Microblog startup [in /home/eugene/work/flask/microblog/app/__init__.py:54]
2019-02-28 12:55:36,610 INFO: Microblog startup [in /home/eugene/work/flask/microblog/app/__init__.py:54]
2019-02-28 13:07:24,457 INFO: Microblog startup [in /home/eugene/work/flask/microblog/app/__init__.py:54]
2019-02-28 13:11:05,648 INFO: Microblog startup [in /home/eugene/work/flask/microblog/app/__init__.py:54]
2019-02-28 13:12:25,985 INFO: Microblog startup [in /home/eugene/work/flask/microblog/app/__init__.py:54]
2019-02-28 13:16:44,001 INFO: Microblog startup [in /home/eugene/work/flask/microblog/app/__init__.py:54]
2019-02-28 13:20:12,738 INFO: Microblog startup [in /home/eugene/work/flask/microblog/app/__init__.py:54]
2019-02-28 13:21:27,786 INFO: Microblog startup [in /home/eugene/work/flask/microblog/app/__init__.py:54]
2019-02-28 13:23:26,568 INFO: Microblog startup [in /home/eugene/work/flask/microblog/app/__init__.py:54]
2019-02-28 13:24:29,097 INFO: Microblog startup [in /home/eugene/work/flask/microblog/app/__init__.py:54]
2019-02-28 13:25:49,061 INFO: Microblog startup [in /home/eugene/work/flask/microblog/app/__init__.py:54]
2019-02-28 13:46:37,641 INFO: Microblog startup [in /home/eugene/work/flask/microblog/app/__init__.py:54]
